The system is: Linux - 4.16.0-041600-generic - x86_64
Compiling the C compiler identification source file "CMakeCCompilerId.c" succeeded.
Compiler: /usr/local/opt/gcc-5.3.0-64/bin/gcc 
Build flags: 
Id flags:  

The output was:
0


Compilation of the C compiler identification source "CMakeCCompilerId.c" produced "a.out"

The C compiler identification is GNU, found in "/home/i22mabaj/Desktop/dos_detector-open_addressing/CMakeFiles/3.22.3/CompilerIdC/a.out"

Compiling the CXX compiler identification source file "CMakeCXXCompilerId.cpp" succeeded.
Compiler: /opt/gcc-6.5.0-64/bin/g++ 
Build flags: 
Id flags:  

The output was:
0


Compilation of the CXX compiler identification source "CMakeCXXCompilerId.cpp" produced "a.out"

The CXX compiler identification is GNU, found in "/home/i22mabaj/Desktop/dos_detector-open_addressing/CMakeFiles/3.22.3/CompilerIdCXX/a.out"

Detecting C compiler ABI info compiled with the following output:
Change Dir: /home/i22mabaj/Desktop/dos_detector-open_addressing/CMakeFiles/CMakeTmp

Run Build Command(s):/usr/local/bin/gmake -f Makefile cmTC_fee03/fast && /usr/local/bin/gmake  -f CMakeFiles/cmTC_fee03.dir/build.make CMakeFiles/cmTC_fee03.dir/build
gmake[1]: Entering directory '/home/i22mabaj/Desktop/dos_detector-open_addressing/CMakeFiles/CMakeTmp'
Building C object CMakeFiles/cmTC_fee03.dir/CMakeCCompilerABI.c.o
/usr/local/opt/gcc-5.3.0-64/bin/gcc   -v -o CMakeFiles/cmTC_fee03.dir/CMakeCCompilerABI.c.o -c /usr/local/share/cmake-3.22/Modules/CMakeCCompilerABI.c
Using built-in specs.
COLLECT_GCC=/usr/local/opt/gcc-5.3.0-64/bin/gcc
Target: x86_64-unknown-linux-gnu
Configured with: ../gcc-5.3.0/configure --prefix=/usr/local/opt/gcc-5.3.0-64 --x-includes=/usr/local/X11R7/include --x-libraries=/usr/local/X11R7/lib --enable-tls --enable-languages=c,c++ --enable-multiarch --disable-bootstrap
Thread model: posix
gcc version 5.3.0 (GCC) 
COLLECT_GCC_OPTIONS='-v' '-o' 'CMakeFiles/cmTC_fee03.dir/CMakeCCompilerABI.c.o' '-c' '-mtune=generic' '-march=x86-64'
 /usr/local/opt/gcc-5.3.0-64/libexec/gcc/x86_64-unknown-linux-gnu/5.3.0/cc1 -quiet -v -imultiarch x86_64-linux-gnu /usr/local/share/cmake-3.22/Modules/CMakeCCompilerABI.c -quiet -dumpbase CMakeCCompilerABI.c -mtune=generic -march=x86-64 -auxbase-strip CMakeFiles/cmTC_fee03.dir/CMakeCCompilerABI.c.o -version -o /tmp/ccOnOfrs.s
GNU C11 (GCC) version 5.3.0 (x86_64-unknown-linux-gnu)
	compiled by GNU C version 5.3.0, GMP version 5.0.5, MPFR version 3.1.0, MPC version 0.9
warning: GMP header version 5.0.5 differs from library version 6.2.0.
GGC heuristics: --param ggc-min-expand=100 --param ggc-min-heapsize=131072
ignoring nonexistent directory "/usr/local/opt/gcc-5.3.0-64/lib/gcc/x86_64-unknown-linux-gnu/5.3.0/../../../../x86_64-unknown-linux-gnu/include"
ignoring duplicate directory "/usr/include/x86_64-linux-gnu"
ignoring duplicate directory "/usr/include"
#include "..." search starts here:
#include <...> search starts here:
 /usr/local/opt/gcc-5.3.0-64/lib/gcc/x86_64-unknown-linux-gnu/5.3.0/include
 /usr/local/include/x86_64-linux-gnu
 /usr/local/include
 /usr/local/opt/gcc-5.3.0-64/include
 /usr/local/opt/gcc-5.3.0-64/lib/gcc/x86_64-unknown-linux-gnu/5.3.0/include-fixed
End of search list.
GNU C11 (GCC) version 5.3.0 (x86_64-unknown-linux-gnu)
	compiled by GNU C version 5.3.0, GMP version 5.0.5, MPFR version 3.1.0, MPC version 0.9
warning: GMP header version 5.0.5 differs from library version 6.2.0.
GGC heuristics: --param ggc-min-expand=100 --param ggc-min-heapsize=131072
Compiler executable checksum: 67d25c6f62857b0cf1a8960e2c60682e
COLLECT_GCC_OPTIONS='-v' '-o' 'CMakeFiles/cmTC_fee03.dir/CMakeCCompilerABI.c.o' '-c' '-mtune=generic' '-march=x86-64'
 as -v --64 -o CMakeFiles/cmTC_fee03.dir/CMakeCCompilerABI.c.o /tmp/ccOnOfrs.s
GNU assembler version 2.27 (x86_64-pc-linux-gnu) using BFD version (GNU Binutils) 2.27
COMPILER_PATH=/usr/local/opt/gcc-5.3.0-64/libexec/gcc/x86_64-unknown-linux-gnu/5.3.0/:/usr/local/opt/gcc-5.3.0-64/libexec/gcc/x86_64-unknown-linux-gnu/5.3.0/:/usr/local/opt/gcc-5.3.0-64/libexec/gcc/x86_64-unknown-linux-gnu/:/usr/local/opt/gcc-5.3.0-64/lib/gcc/x86_64-unknown-linux-gnu/5.3.0/:/usr/local/opt/gcc-5.3.0-64/lib/gcc/x86_64-unknown-linux-gnu/
LIBRARY_PATH=/usr/local/opt/gcc-5.3.0-64/lib/gcc/x86_64-unknown-linux-gnu/5.3.0/:/usr/local/opt/gcc-5.3.0-64/lib/gcc/x86_64-unknown-linux-gnu/5.3.0/../../../../lib64/:/lib/x86_64-linux-gnu/:/lib/../lib64/:/usr/lib/x86_64-linux-gnu/:/usr/lib/../lib64/:/usr/local/opt/gcc-5.3.0-64/lib/gcc/x86_64-unknown-linux-gnu/5.3.0/../../../:/lib/:/usr/lib/
COLLECT_GCC_OPTIONS='-v' '-o' 'CMakeFiles/cmTC_fee03.dir/CMakeCCompilerABI.c.o' '-c' '-mtune=generic' '-march=x86-64'
Linking C executable cmTC_fee03
/usr/local/bin/cmake -E cmake_link_script CMakeFiles/cmTC_fee03.dir/link.txt --verbose=1
/usr/local/opt/gcc-5.3.0-64/bin/gcc  -v -rdynamic CMakeFiles/cmTC_fee03.dir/CMakeCCompilerABI.c.o -o cmTC_fee03 
Using built-in specs.
COLLECT_GCC=/usr/local/opt/gcc-5.3.0-64/bin/gcc
COLLECT_LTO_WRAPPER=/usr/local/opt/gcc-5.3.0-64/libexec/gcc/x86_64-unknown-linux-gnu/5.3.0/lto-wrapper
Target: x86_64-unknown-linux-gnu
Configured with: ../gcc-5.3.0/configure --prefix=/usr/local/opt/gcc-5.3.0-64 --x-includes=/usr/local/X11R7/include --x-libraries=/usr/local/X11R7/lib --enable-tls --enable-languages=c,c++ --enable-multiarch --disable-bootstrap
Thread model: posix
gcc version 5.3.0 (GCC) 
COMPILER_PATH=/usr/local/opt/gcc-5.3.0-64/libexec/gcc/x86_64-unknown-linux-gnu/5.3.0/:/usr/local/opt/gcc-5.3.0-64/libexec/gcc/x86_64-unknown-linux-gnu/5.3.0/:/usr/local/opt/gcc-5.3.0-64/libexec/gcc/x86_64-unknown-linux-gnu/:/usr/local/opt/gcc-5.3.0-64/lib/gcc/x86_64-unknown-linux-gnu/5.3.0/:/usr/local/opt/gcc-5.3.0-64/lib/gcc/x86_64-unknown-linux-gnu/
LIBRARY_PATH=/usr/local/opt/gcc-5.3.0-64/lib/gcc/x86_64-unknown-linux-gnu/5.3.0/:/usr/local/opt/gcc-5.3.0-64/lib/gcc/x86_64-unknown-linux-gnu/5.3.0/../../../../lib64/:/lib/x86_64-linux-gnu/:/lib/../lib64/:/usr/lib/x86_64-linux-gnu/:/usr/lib/../lib64/:/usr/local/opt/gcc-5.3.0-64/lib/gcc/x86_64-unknown-linux-gnu/5.3.0/../../../:/lib/:/usr/lib/
COLLECT_GCC_OPTIONS='-v' '-rdynamic' '-o' 'cmTC_fee03' '-mtune=generic' '-march=x86-64'
 /usr/local/opt/gcc-5.3.0-64/libexec/gcc/x86_64-unknown-linux-gnu/5.3.0/collect2 -plugin /usr/local/opt/gcc-5.3.0-64/libexec/gcc/x86_64-unknown-linux-gnu/5.3.0/liblto_plugin.so -plugin-opt=/usr/local/opt/gcc-5.3.0-64/libexec/gcc/x86_64-unknown-linux-gnu/5.3.0/lto-wrapper -plugin-opt=-fresolution=/tmp/ccl0Xx5y.res -plugin-opt=-pass-through=-lgcc -plugin-opt=-pass-through=-lgcc_s -plugin-opt=-pass-through=-lc -plugin-opt=-pass-through=-lgcc -plugin-opt=-pass-through=-lgcc_s --eh-frame-hdr -m elf_x86_64 -export-dynamic -dynamic-linker /lib64/ld-linux-x86-64.so.2 -o cmTC_fee03 /lib/x86_64-linux-gnu/crt1.o /lib/x86_64-linux-gnu/crti.o /usr/local/opt/gcc-5.3.0-64/lib/gcc/x86_64-unknown-linux-gnu/5.3.0/crtbegin.o -L/usr/local/opt/gcc-5.3.0-64/lib/gcc/x86_64-unknown-linux-gnu/5.3.0 -L/usr/local/opt/gcc-5.3.0-64/lib/gcc/x86_64-unknown-linux-gnu/5.3.0/../../../../lib64 -L/lib/x86_64-linux-gnu -L/lib/../lib64 -L/usr/lib/x86_64-linux-gnu -L/usr/lib/../lib64 -L/usr/local/opt/gcc-5.3.0-64/lib/gcc/x86_64-unknown-linux-gnu/5.3.0/../../.. CMakeFiles/cmTC_fee03.dir/CMakeCCompilerABI.c.o -lgcc --as-needed -lgcc_s --no-as-needed -lc -lgcc --as-needed -lgcc_s --no-as-needed /usr/local/opt/gcc-5.3.0-64/lib/gcc/x86_64-unknown-linux-gnu/5.3.0/crtend.o /lib/x86_64-linux-gnu/crtn.o
gmake[1]: Leaving directory '/home/i22mabaj/Desktop/dos_detector-open_addressing/CMakeFiles/CMakeTmp'



Parsed C implicit include dir info from above output: rv=done
  found start of include info
  found start of implicit include info
    add: [/usr/local/opt/gcc-5.3.0-64/lib/gcc/x86_64-unknown-linux-gnu/5.3.0/include]
    add: [/usr/local/include/x86_64-linux-gnu]
    add: [/usr/local/include]
    add: [/usr/local/opt/gcc-5.3.0-64/include]
    add: [/usr/local/opt/gcc-5.3.0-64/lib/gcc/x86_64-unknown-linux-gnu/5.3.0/include-fixed]
  end of search list found
  collapse include dir [/usr/local/opt/gcc-5.3.0-64/lib/gcc/x86_64-unknown-linux-gnu/5.3.0/include] ==> [/usr/local/opt/gcc-5.3.0-64/lib/gcc/x86_64-unknown-linux-gnu/5.3.0/include]
  collapse include dir [/usr/local/include/x86_64-linux-gnu] ==> [/usr/local/include/x86_64-linux-gnu]
  collapse include dir [/usr/local/include] ==> [/usr/local/include]
  collapse include dir [/usr/local/opt/gcc-5.3.0-64/include] ==> [/usr/local/opt/gcc-5.3.0-64/include]
  collapse include dir [/usr/local/opt/gcc-5.3.0-64/lib/gcc/x86_64-unknown-linux-gnu/5.3.0/include-fixed] ==> [/usr/local/opt/gcc-5.3.0-64/lib/gcc/x86_64-unknown-linux-gnu/5.3.0/include-fixed]
  implicit include dirs: [/usr/local/opt/gcc-5.3.0-64/lib/gcc/x86_64-unknown-linux-gnu/5.3.0/include;/usr/local/include/x86_64-linux-gnu;/usr/local/include;/usr/local/opt/gcc-5.3.0-64/include;/usr/local/opt/gcc-5.3.0-64/lib/gcc/x86_64-unknown-linux-gnu/5.3.0/include-fixed]


Parsed C implicit link information from above output:
  link line regex: [^( *|.*[/\])(ld|CMAKE_LINK_STARTFILE-NOTFOUND|([^/\]+-)?ld|collect2)[^/\]*( |$)]
  ignore line: [Change Dir: /home/i22mabaj/Desktop/dos_detector-open_addressing/CMakeFiles/CMakeTmp]
  ignore line: []
  ignore line: [Run Build Command(s):/usr/local/bin/gmake -f Makefile cmTC_fee03/fast && /usr/local/bin/gmake  -f CMakeFiles/cmTC_fee03.dir/build.make CMakeFiles/cmTC_fee03.dir/build]
  ignore line: [gmake[1]: Entering directory '/home/i22mabaj/Desktop/dos_detector-open_addressing/CMakeFiles/CMakeTmp']
  ignore line: [Building C object CMakeFiles/cmTC_fee03.dir/CMakeCCompilerABI.c.o]
  ignore line: [/usr/local/opt/gcc-5.3.0-64/bin/gcc   -v -o CMakeFiles/cmTC_fee03.dir/CMakeCCompilerABI.c.o -c /usr/local/share/cmake-3.22/Modules/CMakeCCompilerABI.c]
  ignore line: [Using built-in specs.]
  ignore line: [COLLECT_GCC=/usr/local/opt/gcc-5.3.0-64/bin/gcc]
  ignore line: [Target: x86_64-unknown-linux-gnu]
  ignore line: [Configured with: ../gcc-5.3.0/configure --prefix=/usr/local/opt/gcc-5.3.0-64 --x-includes=/usr/local/X11R7/include --x-libraries=/usr/local/X11R7/lib --enable-tls --enable-languages=c c++ --enable-multiarch --disable-bootstrap]
  ignore line: [Thread model: posix]
  ignore line: [gcc version 5.3.0 (GCC) ]
  ignore line: [COLLECT_GCC_OPTIONS='-v' '-o' 'CMakeFiles/cmTC_fee03.dir/CMakeCCompilerABI.c.o' '-c' '-mtune=generic' '-march=x86-64']
  ignore line: [ /usr/local/opt/gcc-5.3.0-64/libexec/gcc/x86_64-unknown-linux-gnu/5.3.0/cc1 -quiet -v -imultiarch x86_64-linux-gnu /usr/local/share/cmake-3.22/Modules/CMakeCCompilerABI.c -quiet -dumpbase CMakeCCompilerABI.c -mtune=generic -march=x86-64 -auxbase-strip CMakeFiles/cmTC_fee03.dir/CMakeCCompilerABI.c.o -version -o /tmp/ccOnOfrs.s]
  ignore line: [GNU C11 (GCC) version 5.3.0 (x86_64-unknown-linux-gnu)]
  ignore line: [	compiled by GNU C version 5.3.0  GMP version 5.0.5  MPFR version 3.1.0  MPC version 0.9]
  ignore line: [warning: GMP header version 5.0.5 differs from library version 6.2.0.]
  ignore line: [GGC heuristics: --param ggc-min-expand=100 --param ggc-min-heapsize=131072]
  ignore line: [ignoring nonexistent directory "/usr/local/opt/gcc-5.3.0-64/lib/gcc/x86_64-unknown-linux-gnu/5.3.0/../../../../x86_64-unknown-linux-gnu/include"]
  ignore line: [ignoring duplicate directory "/usr/include/x86_64-linux-gnu"]
  ignore line: [ignoring duplicate directory "/usr/include"]
  ignore line: [#include "..." search starts here:]
  ignore line: [#include <...> search starts here:]
  ignore line: [ /usr/local/opt/gcc-5.3.0-64/lib/gcc/x86_64-unknown-linux-gnu/5.3.0/include]
  ignore line: [ /usr/local/include/x86_64-linux-gnu]
  ignore line: [ /usr/local/include]
  ignore line: [ /usr/local/opt/gcc-5.3.0-64/include]
  ignore line: [ /usr/local/opt/gcc-5.3.0-64/lib/gcc/x86_64-unknown-linux-gnu/5.3.0/include-fixed]
  ignore line: [End of search list.]
  ignore line: [GNU C11 (GCC) version 5.3.0 (x86_64-unknown-linux-gnu)]
  ignore line: [	compiled by GNU C version 5.3.0  GMP version 5.0.5  MPFR version 3.1.0  MPC version 0.9]
  ignore line: [warning: GMP header version 5.0.5 differs from library version 6.2.0.]
  ignore line: [GGC heuristics: --param ggc-min-expand=100 --param ggc-min-heapsize=131072]
  ignore line: [Compiler executable checksum: 67d25c6f62857b0cf1a8960e2c60682e]
  ignore line: [COLLECT_GCC_OPTIONS='-v' '-o' 'CMakeFiles/cmTC_fee03.dir/CMakeCCompilerABI.c.o' '-c' '-mtune=generic' '-march=x86-64']
  ignore line: [ as -v --64 -o CMakeFiles/cmTC_fee03.dir/CMakeCCompilerABI.c.o /tmp/ccOnOfrs.s]
  ignore line: [GNU assembler version 2.27 (x86_64-pc-linux-gnu) using BFD version (GNU Binutils) 2.27]
  ignore line: [COMPILER_PATH=/usr/local/opt/gcc-5.3.0-64/libexec/gcc/x86_64-unknown-linux-gnu/5.3.0/:/usr/local/opt/gcc-5.3.0-64/libexec/gcc/x86_64-unknown-linux-gnu/5.3.0/:/usr/local/opt/gcc-5.3.0-64/libexec/gcc/x86_64-unknown-linux-gnu/:/usr/local/opt/gcc-5.3.0-64/lib/gcc/x86_64-unknown-linux-gnu/5.3.0/:/usr/local/opt/gcc-5.3.0-64/lib/gcc/x86_64-unknown-linux-gnu/]
  ignore line: [LIBRARY_PATH=/usr/local/opt/gcc-5.3.0-64/lib/gcc/x86_64-unknown-linux-gnu/5.3.0/:/usr/local/opt/gcc-5.3.0-64/lib/gcc/x86_64-unknown-linux-gnu/5.3.0/../../../../lib64/:/lib/x86_64-linux-gnu/:/lib/../lib64/:/usr/lib/x86_64-linux-gnu/:/usr/lib/../lib64/:/usr/local/opt/gcc-5.3.0-64/lib/gcc/x86_64-unknown-linux-gnu/5.3.0/../../../:/lib/:/usr/lib/]
  ignore line: [COLLECT_GCC_OPTIONS='-v' '-o' 'CMakeFiles/cmTC_fee03.dir/CMakeCCompilerABI.c.o' '-c' '-mtune=generic' '-march=x86-64']
  ignore line: [Linking C executable cmTC_fee03]
  ignore line: [/usr/local/bin/cmake -E cmake_link_script CMakeFiles/cmTC_fee03.dir/link.txt --verbose=1]
  ignore line: [/usr/local/opt/gcc-5.3.0-64/bin/gcc  -v -rdynamic CMakeFiles/cmTC_fee03.dir/CMakeCCompilerABI.c.o -o cmTC_fee03 ]
  ignore line: [Using built-in specs.]
  ignore line: [COLLECT_GCC=/usr/local/opt/gcc-5.3.0-64/bin/gcc]
  ignore line: [COLLECT_LTO_WRAPPER=/usr/local/opt/gcc-5.3.0-64/libexec/gcc/x86_64-unknown-linux-gnu/5.3.0/lto-wrapper]
  ignore line: [Target: x86_64-unknown-linux-gnu]
  ignore line: [Configured with: ../gcc-5.3.0/configure --prefix=/usr/local/opt/gcc-5.3.0-64 --x-includes=/usr/local/X11R7/include --x-libraries=/usr/local/X11R7/lib --enable-tls --enable-languages=c c++ --enable-multiarch --disable-bootstrap]
  ignore line: [Thread model: posix]
  ignore line: [gcc version 5.3.0 (GCC) ]
  ignore line: [COMPILER_PATH=/usr/local/opt/gcc-5.3.0-64/libexec/gcc/x86_64-unknown-linux-gnu/5.3.0/:/usr/local/opt/gcc-5.3.0-64/libexec/gcc/x86_64-unknown-linux-gnu/5.3.0/:/usr/local/opt/gcc-5.3.0-64/libexec/gcc/x86_64-unknown-linux-gnu/:/usr/local/opt/gcc-5.3.0-64/lib/gcc/x86_64-unknown-linux-gnu/5.3.0/:/usr/local/opt/gcc-5.3.0-64/lib/gcc/x86_64-unknown-linux-gnu/]
  ignore line: [LIBRARY_PATH=/usr/local/opt/gcc-5.3.0-64/lib/gcc/x86_64-unknown-linux-gnu/5.3.0/:/usr/local/opt/gcc-5.3.0-64/lib/gcc/x86_64-unknown-linux-gnu/5.3.0/../../../../lib64/:/lib/x86_64-linux-gnu/:/lib/../lib64/:/usr/lib/x86_64-linux-gnu/:/usr/lib/../lib64/:/usr/local/opt/gcc-5.3.0-64/lib/gcc/x86_64-unknown-linux-gnu/5.3.0/../../../:/lib/:/usr/lib/]
  ignore line: [COLLECT_GCC_OPTIONS='-v' '-rdynamic' '-o' 'cmTC_fee03' '-mtune=generic' '-march=x86-64']
  link line: [ /usr/local/opt/gcc-5.3.0-64/libexec/gcc/x86_64-unknown-linux-gnu/5.3.0/collect2 -plugin /usr/local/opt/gcc-5.3.0-64/libexec/gcc/x86_64-unknown-linux-gnu/5.3.0/liblto_plugin.so -plugin-opt=/usr/local/opt/gcc-5.3.0-64/libexec/gcc/x86_64-unknown-linux-gnu/5.3.0/lto-wrapper -plugin-opt=-fresolution=/tmp/ccl0Xx5y.res -plugin-opt=-pass-through=-lgcc -plugin-opt=-pass-through=-lgcc_s -plugin-opt=-pass-through=-lc -plugin-opt=-pass-through=-lgcc -plugin-opt=-pass-through=-lgcc_s --eh-frame-hdr -m elf_x86_64 -export-dynamic -dynamic-linker /lib64/ld-linux-x86-64.so.2 -o cmTC_fee03 /lib/x86_64-linux-gnu/crt1.o /lib/x86_64-linux-gnu/crti.o /usr/local/opt/gcc-5.3.0-64/lib/gcc/x86_64-unknown-linux-gnu/5.3.0/crtbegin.o -L/usr/local/opt/gcc-5.3.0-64/lib/gcc/x86_64-unknown-linux-gnu/5.3.0 -L/usr/local/opt/gcc-5.3.0-64/lib/gcc/x86_64-unknown-linux-gnu/5.3.0/../../../../lib64 -L/lib/x86_64-linux-gnu -L/lib/../lib64 -L/usr/lib/x86_64-linux-gnu -L/usr/lib/../lib64 -L/usr/local/opt/gcc-5.3.0-64/lib/gcc/x86_64-unknown-linux-gnu/5.3.0/../../.. CMakeFiles/cmTC_fee03.dir/CMakeCCompilerABI.c.o -lgcc --as-needed -lgcc_s --no-as-needed -lc -lgcc --as-needed -lgcc_s --no-as-needed /usr/local/opt/gcc-5.3.0-64/lib/gcc/x86_64-unknown-linux-gnu/5.3.0/crtend.o /lib/x86_64-linux-gnu/crtn.o]
    arg [/usr/local/opt/gcc-5.3.0-64/libexec/gcc/x86_64-unknown-linux-gnu/5.3.0/collect2] ==> ignore
    arg [-plugin] ==> ignore
    arg [/usr/local/opt/gcc-5.3.0-64/libexec/gcc/x86_64-unknown-linux-gnu/5.3.0/liblto_plugin.so] ==> ignore
    arg [-plugin-opt=/usr/local/opt/gcc-5.3.0-64/libexec/gcc/x86_64-unknown-linux-gnu/5.3.0/lto-wrapper] ==> ignore
    arg [-plugin-opt=-fresolution=/tmp/ccl0Xx5y.res] ==> ignore
    arg [-plugin-opt=-pass-through=-lgcc] ==> ignore
    arg [-plugin-opt=-pass-through=-lgcc_s] ==> ignore
    arg [-plugin-opt=-pass-through=-lc] ==> ignore
    arg [-plugin-opt=-pass-through=-lgcc] ==> ignore
    arg [-plugin-opt=-pass-through=-lgcc_s] ==> ignore
    arg [--eh-frame-hdr] ==> ignore
    arg [-m] ==> ignore
    arg [elf_x86_64] ==> ignore
    arg [-export-dynamic] ==> ignore
    arg [-dynamic-linker] ==> ignore
    arg [/lib64/ld-linux-x86-64.so.2] ==> ignore
    arg [-o] ==> ignore
    arg [cmTC_fee03] ==> ignore
    arg [/lib/x86_64-linux-gnu/crt1.o] ==> obj [/lib/x86_64-linux-gnu/crt1.o]
    arg [/lib/x86_64-linux-gnu/crti.o] ==> obj [/lib/x86_64-linux-gnu/crti.o]
    arg [/usr/local/opt/gcc-5.3.0-64/lib/gcc/x86_64-unknown-linux-gnu/5.3.0/crtbegin.o] ==> obj [/usr/local/opt/gcc-5.3.0-64/lib/gcc/x86_64-unknown-linux-gnu/5.3.0/crtbegin.o]
    arg [-L/usr/local/opt/gcc-5.3.0-64/lib/gcc/x86_64-unknown-linux-gnu/5.3.0] ==> dir [/usr/local/opt/gcc-5.3.0-64/lib/gcc/x86_64-unknown-linux-gnu/5.3.0]
    arg [-L/usr/local/opt/gcc-5.3.0-64/lib/gcc/x86_64-unknown-linux-gnu/5.3.0/../../../../lib64] ==> dir [/usr/local/opt/gcc-5.3.0-64/lib/gcc/x86_64-unknown-linux-gnu/5.3.0/../../../../lib64]
    arg [-L/lib/x86_64-linux-gnu] ==> dir [/lib/x86_64-linux-gnu]
    arg [-L/lib/../lib64] ==> dir [/lib/../lib64]
    arg [-L/usr/lib/x86_64-linux-gnu] ==> dir [/usr/lib/x86_64-linux-gnu]
    arg [-L/usr/lib/../lib64] ==> dir [/usr/lib/../lib64]
    arg [-L/usr/local/opt/gcc-5.3.0-64/lib/gcc/x86_64-unknown-linux-gnu/5.3.0/../../..] ==> dir [/usr/local/opt/gcc-5.3.0-64/lib/gcc/x86_64-unknown-linux-gnu/5.3.0/../../..]
    arg [CMakeFiles/cmTC_fee03.dir/CMakeCCompilerABI.c.o] ==> ignore
    arg [-lgcc] ==> lib [gcc]
    arg [--as-needed] ==> ignore
    arg [-lgcc_s] ==> lib [gcc_s]
    arg [--no-as-needed] ==> ignore
    arg [-lc] ==> lib [c]
    arg [-lgcc] ==> lib [gcc]
    arg [--as-needed] ==> ignore
    arg [-lgcc_s] ==> lib [gcc_s]
    arg [--no-as-needed] ==> ignore
    arg [/usr/local/opt/gcc-5.3.0-64/lib/gcc/x86_64-unknown-linux-gnu/5.3.0/crtend.o] ==> obj [/usr/local/opt/gcc-5.3.0-64/lib/gcc/x86_64-unknown-linux-gnu/5.3.0/crtend.o]
    arg [/lib/x86_64-linux-gnu/crtn.o] ==> obj [/lib/x86_64-linux-gnu/crtn.o]
  collapse library dir [/usr/local/opt/gcc-5.3.0-64/lib/gcc/x86_64-unknown-linux-gnu/5.3.0] ==> [/usr/local/opt/gcc-5.3.0-64/lib/gcc/x86_64-unknown-linux-gnu/5.3.0]
  collapse library dir [/usr/local/opt/gcc-5.3.0-64/lib/gcc/x86_64-unknown-linux-gnu/5.3.0/../../../../lib64] ==> [/usr/local/opt/gcc-5.3.0-64/lib64]
  collapse library dir [/lib/x86_64-linux-gnu] ==> [/lib/x86_64-linux-gnu]
  collapse library dir [/lib/../lib64] ==> [/lib64]
  collapse library dir [/usr/lib/x86_64-linux-gnu] ==> [/usr/lib/x86_64-linux-gnu]
  collapse library dir [/usr/lib/../lib64] ==> [/usr/lib64]
  collapse library dir [/usr/local/opt/gcc-5.3.0-64/lib/gcc/x86_64-unknown-linux-gnu/5.3.0/../../..] ==> [/usr/local/opt/gcc-5.3.0-64/lib]
  implicit libs: [gcc;gcc_s;c;gcc;gcc_s]
  implicit objs: [/lib/x86_64-linux-gnu/crt1.o;/lib/x86_64-linux-gnu/crti.o;/usr/local/opt/gcc-5.3.0-64/lib/gcc/x86_64-unknown-linux-gnu/5.3.0/crtbegin.o;/usr/local/opt/gcc-5.3.0-64/lib/gcc/x86_64-unknown-linux-gnu/5.3.0/crtend.o;/lib/x86_64-linux-gnu/crtn.o]
  implicit dirs: [/usr/local/opt/gcc-5.3.0-64/lib/gcc/x86_64-unknown-linux-gnu/5.3.0;/usr/local/opt/gcc-5.3.0-64/lib64;/lib/x86_64-linux-gnu;/lib64;/usr/lib/x86_64-linux-gnu;/usr/lib64;/usr/local/opt/gcc-5.3.0-64/lib]
  implicit fwks: []


Detecting CXX compiler ABI info compiled with the following output:
Change Dir: /home/i22mabaj/Desktop/dos_detector-open_addressing/CMakeFiles/CMakeTmp

Run Build Command(s):/usr/local/bin/gmake -f Makefile cmTC_aab18/fast && /usr/local/bin/gmake  -f CMakeFiles/cmTC_aab18.dir/build.make CMakeFiles/cmTC_aab18.dir/build
gmake[1]: Entering directory '/home/i22mabaj/Desktop/dos_detector-open_addressing/CMakeFiles/CMakeTmp'
Building CXX object CMakeFiles/cmTC_aab18.dir/CMakeCXXCompilerABI.cpp.o
/opt/gcc-6.5.0-64/bin/g++   -v -o CMakeFiles/cmTC_aab18.dir/CMakeCXXCompilerABI.cpp.o -c /usr/local/share/cmake-3.22/Modules/CMakeCXXCompilerABI.cpp
Using built-in specs.
COLLECT_GCC=/opt/gcc-6.5.0-64/bin/g++
Target: x86_64-pc-linux-gnu
Configured with: ../gcc-6.5.0/configure --prefix=/usr/local/opt/gcc-6.5.0-64 --x-includes=/usr/local/X11R7/include --x-libraries=/usr/local/X11R7/lib --enable-tls --enable-languages=c,c++ --enable-multiarch --disable-bootstrap
Thread model: posix
gcc version 6.5.0 (GCC) 
COLLECT_GCC_OPTIONS='-v' '-o' 'CMakeFiles/cmTC_aab18.dir/CMakeCXXCompilerABI.cpp.o' '-c' '-shared-libgcc' '-mtune=generic' '-march=x86-64'
 /opt/gcc-6.5.0-64/bin/../libexec/gcc/x86_64-pc-linux-gnu/6.5.0/cc1plus -quiet -v -imultiarch x86_64-linux-gnu -iprefix /opt/gcc-6.5.0-64/bin/../lib/gcc/x86_64-pc-linux-gnu/6.5.0/ -D_GNU_SOURCE /usr/local/share/cmake-3.22/Modules/CMakeCXXCompilerABI.cpp -quiet -dumpbase CMakeCXXCompilerABI.cpp -mtune=generic -march=x86-64 -auxbase-strip CMakeFiles/cmTC_aab18.dir/CMakeCXXCompilerABI.cpp.o -version -o /tmp/ccToFzlU.s
GNU C++14 (GCC) version 6.5.0 (x86_64-pc-linux-gnu)
	compiled by GNU C version 6.5.0, GMP version 6.2.0, MPFR version 4.1.0, MPC version 1.2.0, isl version none
GGC heuristics: --param ggc-min-expand=100 --param ggc-min-heapsize=131072
ignoring nonexistent directory "/opt/gcc-6.5.0-64/bin/../lib/gcc/x86_64-pc-linux-gnu/6.5.0/../../../../x86_64-pc-linux-gnu/include"
ignoring duplicate directory "/opt/gcc-6.5.0-64/bin/../lib/gcc/../../lib/gcc/x86_64-pc-linux-gnu/6.5.0/../../../../include/c++/6.5.0"
ignoring duplicate directory "/opt/gcc-6.5.0-64/bin/../lib/gcc/../../lib/gcc/x86_64-pc-linux-gnu/6.5.0/../../../../include/c++/6.5.0/x86_64-pc-linux-gnu"
ignoring duplicate directory "/opt/gcc-6.5.0-64/bin/../lib/gcc/../../lib/gcc/x86_64-pc-linux-gnu/6.5.0/../../../../include/c++/6.5.0/backward"
ignoring duplicate directory "/opt/gcc-6.5.0-64/bin/../lib/gcc/../../lib/gcc/x86_64-pc-linux-gnu/6.5.0/include"
ignoring duplicate directory "/opt/gcc-6.5.0-64/bin/../lib/gcc/../../lib/gcc/x86_64-pc-linux-gnu/6.5.0/include-fixed"
ignoring nonexistent directory "/opt/gcc-6.5.0-64/bin/../lib/gcc/../../lib/gcc/x86_64-pc-linux-gnu/6.5.0/../../../../x86_64-pc-linux-gnu/include"
ignoring duplicate directory "/usr/include/x86_64-linux-gnu"
ignoring duplicate directory "/usr/include"
#include "..." search starts here:
#include <...> search starts here:
 /opt/gcc-6.5.0-64/bin/../lib/gcc/x86_64-pc-linux-gnu/6.5.0/../../../../include/c++/6.5.0
 /opt/gcc-6.5.0-64/bin/../lib/gcc/x86_64-pc-linux-gnu/6.5.0/../../../../include/c++/6.5.0/x86_64-pc-linux-gnu
 /opt/gcc-6.5.0-64/bin/../lib/gcc/x86_64-pc-linux-gnu/6.5.0/../../../../include/c++/6.5.0/backward
 /opt/gcc-6.5.0-64/bin/../lib/gcc/x86_64-pc-linux-gnu/6.5.0/include
 /opt/gcc-6.5.0-64/bin/../lib/gcc/x86_64-pc-linux-gnu/6.5.0/include-fixed
 /usr/local/include/x86_64-linux-gnu
 /usr/local/include
 /opt/gcc-6.5.0-64/bin/../lib/gcc/../../include
End of search list.
GNU C++14 (GCC) version 6.5.0 (x86_64-pc-linux-gnu)
	compiled by GNU C version 6.5.0, GMP version 6.2.0, MPFR version 4.1.0, MPC version 1.2.0, isl version none
GGC heuristics: --param ggc-min-expand=100 --param ggc-min-heapsize=131072
Compiler executable checksum: 21457119e6e9afa372c31249a0664e54
COLLECT_GCC_OPTIONS='-v' '-o' 'CMakeFiles/cmTC_aab18.dir/CMakeCXXCompilerABI.cpp.o' '-c' '-shared-libgcc' '-mtune=generic' '-march=x86-64'
 as -v --64 -o CMakeFiles/cmTC_aab18.dir/CMakeCXXCompilerABI.cpp.o /tmp/ccToFzlU.s
GNU assembler version 2.27 (x86_64-pc-linux-gnu) using BFD version (GNU Binutils) 2.27
COMPILER_PATH=/opt/gcc-6.5.0-64/bin/../libexec/gcc/x86_64-pc-linux-gnu/6.5.0/:/opt/gcc-6.5.0-64/bin/../libexec/gcc/
LIBRARY_PATH=/opt/gcc-6.5.0-64/bin/../lib/gcc/x86_64-pc-linux-gnu/6.5.0/:/opt/gcc-6.5.0-64/bin/../lib/gcc/:/opt/gcc-6.5.0-64/bin/../lib/gcc/x86_64-pc-linux-gnu/6.5.0/../../../../lib64/:/lib/x86_64-linux-gnu/:/lib/../lib64/:/usr/lib/x86_64-linux-gnu/:/usr/lib/../lib64/:/opt/gcc-6.5.0-64/bin/../lib/gcc/x86_64-pc-linux-gnu/6.5.0/../../../:/lib/:/usr/lib/
COLLECT_GCC_OPTIONS='-v' '-o' 'CMakeFiles/cmTC_aab18.dir/CMakeCXXCompilerABI.cpp.o' '-c' '-shared-libgcc' '-mtune=generic' '-march=x86-64'
Linking CXX executable cmTC_aab18
/usr/local/bin/cmake -E cmake_link_script CMakeFiles/cmTC_aab18.dir/link.txt --verbose=1
/opt/gcc-6.5.0-64/bin/g++  -v -rdynamic CMakeFiles/cmTC_aab18.dir/CMakeCXXCompilerABI.cpp.o -o cmTC_aab18 
Using built-in specs.
COLLECT_GCC=/opt/gcc-6.5.0-64/bin/g++
COLLECT_LTO_WRAPPER=/opt/gcc-6.5.0-64/bin/../libexec/gcc/x86_64-pc-linux-gnu/6.5.0/lto-wrapper
Target: x86_64-pc-linux-gnu
Configured with: ../gcc-6.5.0/configure --prefix=/usr/local/opt/gcc-6.5.0-64 --x-includes=/usr/local/X11R7/include --x-libraries=/usr/local/X11R7/lib --enable-tls --enable-languages=c,c++ --enable-multiarch --disable-bootstrap
Thread model: posix
gcc version 6.5.0 (GCC) 
COMPILER_PATH=/opt/gcc-6.5.0-64/bin/../libexec/gcc/x86_64-pc-linux-gnu/6.5.0/:/opt/gcc-6.5.0-64/bin/../libexec/gcc/
LIBRARY_PATH=/opt/gcc-6.5.0-64/bin/../lib/gcc/x86_64-pc-linux-gnu/6.5.0/:/opt/gcc-6.5.0-64/bin/../lib/gcc/:/opt/gcc-6.5.0-64/bin/../lib/gcc/x86_64-pc-linux-gnu/6.5.0/../../../../lib64/:/lib/x86_64-linux-gnu/:/lib/../lib64/:/usr/lib/x86_64-linux-gnu/:/usr/lib/../lib64/:/opt/gcc-6.5.0-64/bin/../lib/gcc/x86_64-pc-linux-gnu/6.5.0/../../../:/lib/:/usr/lib/
COLLECT_GCC_OPTIONS='-v' '-rdynamic' '-o' 'cmTC_aab18' '-shared-libgcc' '-mtune=generic' '-march=x86-64'
 /opt/gcc-6.5.0-64/bin/../libexec/gcc/x86_64-pc-linux-gnu/6.5.0/collect2 -plugin /opt/gcc-6.5.0-64/bin/../libexec/gcc/x86_64-pc-linux-gnu/6.5.0/liblto_plugin.so -plugin-opt=/opt/gcc-6.5.0-64/bin/../libexec/gcc/x86_64-pc-linux-gnu/6.5.0/lto-wrapper -plugin-opt=-fresolution=/tmp/cc7rmYsV.res -plugin-opt=-pass-through=-lgcc_s -plugin-opt=-pass-through=-lgcc -plugin-opt=-pass-through=-lc -plugin-opt=-pass-through=-lgcc_s -plugin-opt=-pass-through=-lgcc --eh-frame-hdr -m elf_x86_64 -export-dynamic -dynamic-linker /lib64/ld-linux-x86-64.so.2 -o cmTC_aab18 /lib/x86_64-linux-gnu/crt1.o /lib/x86_64-linux-gnu/crti.o /opt/gcc-6.5.0-64/bin/../lib/gcc/x86_64-pc-linux-gnu/6.5.0/crtbegin.o -L/opt/gcc-6.5.0-64/bin/../lib/gcc/x86_64-pc-linux-gnu/6.5.0 -L/opt/gcc-6.5.0-64/bin/../lib/gcc -L/opt/gcc-6.5.0-64/bin/../lib/gcc/x86_64-pc-linux-gnu/6.5.0/../../../../lib64 -L/lib/x86_64-linux-gnu -L/lib/../lib64 -L/usr/lib/x86_64-linux-gnu -L/usr/lib/../lib64 -L/opt/gcc-6.5.0-64/bin/../lib/gcc/x86_64-pc-linux-gnu/6.5.0/../../.. CMakeFiles/cmTC_aab18.dir/CMakeCXXCompilerABI.cpp.o -lstdc++ -lm -lgcc_s -lgcc -lc -lgcc_s -lgcc /opt/gcc-6.5.0-64/bin/../lib/gcc/x86_64-pc-linux-gnu/6.5.0/crtend.o /lib/x86_64-linux-gnu/crtn.o
COLLECT_GCC_OPTIONS='-v' '-rdynamic' '-o' 'cmTC_aab18' '-shared-libgcc' '-mtune=generic' '-march=x86-64'
gmake[1]: Leaving directory '/home/i22mabaj/Desktop/dos_detector-open_addressing/CMakeFiles/CMakeTmp'



Parsed CXX implicit include dir info from above output: rv=done
  found start of include info
  found start of implicit include info
    add: [/opt/gcc-6.5.0-64/bin/../lib/gcc/x86_64-pc-linux-gnu/6.5.0/../../../../include/c++/6.5.0]
    add: [/opt/gcc-6.5.0-64/bin/../lib/gcc/x86_64-pc-linux-gnu/6.5.0/../../../../include/c++/6.5.0/x86_64-pc-linux-gnu]
    add: [/opt/gcc-6.5.0-64/bin/../lib/gcc/x86_64-pc-linux-gnu/6.5.0/../../../../include/c++/6.5.0/backward]
    add: [/opt/gcc-6.5.0-64/bin/../lib/gcc/x86_64-pc-linux-gnu/6.5.0/include]
    add: [/opt/gcc-6.5.0-64/bin/../lib/gcc/x86_64-pc-linux-gnu/6.5.0/include-fixed]
    add: [/usr/local/include/x86_64-linux-gnu]
    add: [/usr/local/include]
    add: [/opt/gcc-6.5.0-64/bin/../lib/gcc/../../include]
  end of search list found
  collapse include dir [/opt/gcc-6.5.0-64/bin/../lib/gcc/x86_64-pc-linux-gnu/6.5.0/../../../../include/c++/6.5.0] ==> [/opt/gcc-6.5.0-64/include/c++/6.5.0]
  collapse include dir [/opt/gcc-6.5.0-64/bin/../lib/gcc/x86_64-pc-linux-gnu/6.5.0/../../../../include/c++/6.5.0/x86_64-pc-linux-gnu] ==> [/opt/gcc-6.5.0-64/include/c++/6.5.0/x86_64-pc-linux-gnu]
  collapse include dir [/opt/gcc-6.5.0-64/bin/../lib/gcc/x86_64-pc-linux-gnu/6.5.0/../../../../include/c++/6.5.0/backward] ==> [/opt/gcc-6.5.0-64/include/c++/6.5.0/backward]
  collapse include dir [/opt/gcc-6.5.0-64/bin/../lib/gcc/x86_64-pc-linux-gnu/6.5.0/include] ==> [/opt/gcc-6.5.0-64/lib/gcc/x86_64-pc-linux-gnu/6.5.0/include]
  collapse include dir [/opt/gcc-6.5.0-64/bin/../lib/gcc/x86_64-pc-linux-gnu/6.5.0/include-fixed] ==> [/opt/gcc-6.5.0-64/lib/gcc/x86_64-pc-linux-gnu/6.5.0/include-fixed]
  collapse include dir [/usr/local/include/x86_64-linux-gnu] ==> [/usr/local/include/x86_64-linux-gnu]
  collapse include dir [/usr/local/include] ==> [/usr/local/include]
  collapse include dir [/opt/gcc-6.5.0-64/bin/../lib/gcc/../../include] ==> [/opt/gcc-6.5.0-64/include]
  implicit include dirs: [/opt/gcc-6.5.0-64/include/c++/6.5.0;/opt/gcc-6.5.0-64/include/c++/6.5.0/x86_64-pc-linux-gnu;/opt/gcc-6.5.0-64/include/c++/6.5.0/backward;/opt/gcc-6.5.0-64/lib/gcc/x86_64-pc-linux-gnu/6.5.0/include;/opt/gcc-6.5.0-64/lib/gcc/x86_64-pc-linux-gnu/6.5.0/include-fixed;/usr/local/include/x86_64-linux-gnu;/usr/local/include;/opt/gcc-6.5.0-64/include]


Parsed CXX implicit link information from above output:
  link line regex: [^( *|.*[/\])(ld|CMAKE_LINK_STARTFILE-NOTFOUND|([^/\]+-)?ld|collect2)[^/\]*( |$)]
  ignore line: [Change Dir: /home/i22mabaj/Desktop/dos_detector-open_addressing/CMakeFiles/CMakeTmp]
  ignore line: []
  ignore line: [Run Build Command(s):/usr/local/bin/gmake -f Makefile cmTC_aab18/fast && /usr/local/bin/gmake  -f CMakeFiles/cmTC_aab18.dir/build.make CMakeFiles/cmTC_aab18.dir/build]
  ignore line: [gmake[1]: Entering directory '/home/i22mabaj/Desktop/dos_detector-open_addressing/CMakeFiles/CMakeTmp']
  ignore line: [Building CXX object CMakeFiles/cmTC_aab18.dir/CMakeCXXCompilerABI.cpp.o]
  ignore line: [/opt/gcc-6.5.0-64/bin/g++   -v -o CMakeFiles/cmTC_aab18.dir/CMakeCXXCompilerABI.cpp.o -c /usr/local/share/cmake-3.22/Modules/CMakeCXXCompilerABI.cpp]
  ignore line: [Using built-in specs.]
  ignore line: [COLLECT_GCC=/opt/gcc-6.5.0-64/bin/g++]
  ignore line: [Target: x86_64-pc-linux-gnu]
  ignore line: [Configured with: ../gcc-6.5.0/configure --prefix=/usr/local/opt/gcc-6.5.0-64 --x-includes=/usr/local/X11R7/include --x-libraries=/usr/local/X11R7/lib --enable-tls --enable-languages=c c++ --enable-multiarch --disable-bootstrap]
  ignore line: [Thread model: posix]
  ignore line: [gcc version 6.5.0 (GCC) ]
  ignore line: [COLLECT_GCC_OPTIONS='-v' '-o' 'CMakeFiles/cmTC_aab18.dir/CMakeCXXCompilerABI.cpp.o' '-c' '-shared-libgcc' '-mtune=generic' '-march=x86-64']
  ignore line: [ /opt/gcc-6.5.0-64/bin/../libexec/gcc/x86_64-pc-linux-gnu/6.5.0/cc1plus -quiet -v -imultiarch x86_64-linux-gnu -iprefix /opt/gcc-6.5.0-64/bin/../lib/gcc/x86_64-pc-linux-gnu/6.5.0/ -D_GNU_SOURCE /usr/local/share/cmake-3.22/Modules/CMakeCXXCompilerABI.cpp -quiet -dumpbase CMakeCXXCompilerABI.cpp -mtune=generic -march=x86-64 -auxbase-strip CMakeFiles/cmTC_aab18.dir/CMakeCXXCompilerABI.cpp.o -version -o /tmp/ccToFzlU.s]
  ignore line: [GNU C++14 (GCC) version 6.5.0 (x86_64-pc-linux-gnu)]
  ignore line: [	compiled by GNU C version 6.5.0  GMP version 6.2.0  MPFR version 4.1.0  MPC version 1.2.0  isl version none]
  ignore line: [GGC heuristics: --param ggc-min-expand=100 --param ggc-min-heapsize=131072]
  ignore line: [ignoring nonexistent directory "/opt/gcc-6.5.0-64/bin/../lib/gcc/x86_64-pc-linux-gnu/6.5.0/../../../../x86_64-pc-linux-gnu/include"]
  ignore line: [ignoring duplicate directory "/opt/gcc-6.5.0-64/bin/../lib/gcc/../../lib/gcc/x86_64-pc-linux-gnu/6.5.0/../../../../include/c++/6.5.0"]
  ignore line: [ignoring duplicate directory "/opt/gcc-6.5.0-64/bin/../lib/gcc/../../lib/gcc/x86_64-pc-linux-gnu/6.5.0/../../../../include/c++/6.5.0/x86_64-pc-linux-gnu"]
  ignore line: [ignoring duplicate directory "/opt/gcc-6.5.0-64/bin/../lib/gcc/../../lib/gcc/x86_64-pc-linux-gnu/6.5.0/../../../../include/c++/6.5.0/backward"]
  ignore line: [ignoring duplicate directory "/opt/gcc-6.5.0-64/bin/../lib/gcc/../../lib/gcc/x86_64-pc-linux-gnu/6.5.0/include"]
  ignore line: [ignoring duplicate directory "/opt/gcc-6.5.0-64/bin/../lib/gcc/../../lib/gcc/x86_64-pc-linux-gnu/6.5.0/include-fixed"]
  ignore line: [ignoring nonexistent directory "/opt/gcc-6.5.0-64/bin/../lib/gcc/../../lib/gcc/x86_64-pc-linux-gnu/6.5.0/../../../../x86_64-pc-linux-gnu/include"]
  ignore line: [ignoring duplicate directory "/usr/include/x86_64-linux-gnu"]
  ignore line: [ignoring duplicate directory "/usr/include"]
  ignore line: [#include "..." search starts here:]
  ignore line: [#include <...> search starts here:]
  ignore line: [ /opt/gcc-6.5.0-64/bin/../lib/gcc/x86_64-pc-linux-gnu/6.5.0/../../../../include/c++/6.5.0]
  ignore line: [ /opt/gcc-6.5.0-64/bin/../lib/gcc/x86_64-pc-linux-gnu/6.5.0/../../../../include/c++/6.5.0/x86_64-pc-linux-gnu]
  ignore line: [ /opt/gcc-6.5.0-64/bin/../lib/gcc/x86_64-pc-linux-gnu/6.5.0/../../../../include/c++/6.5.0/backward]
  ignore line: [ /opt/gcc-6.5.0-64/bin/../lib/gcc/x86_64-pc-linux-gnu/6.5.0/include]
  ignore line: [ /opt/gcc-6.5.0-64/bin/../lib/gcc/x86_64-pc-linux-gnu/6.5.0/include-fixed]
  ignore line: [ /usr/local/include/x86_64-linux-gnu]
  ignore line: [ /usr/local/include]
  ignore line: [ /opt/gcc-6.5.0-64/bin/../lib/gcc/../../include]
  ignore line: [End of search list.]
  ignore line: [GNU C++14 (GCC) version 6.5.0 (x86_64-pc-linux-gnu)]
  ignore line: [	compiled by GNU C version 6.5.0  GMP version 6.2.0  MPFR version 4.1.0  MPC version 1.2.0  isl version none]
  ignore line: [GGC heuristics: --param ggc-min-expand=100 --param ggc-min-heapsize=131072]
  ignore line: [Compiler executable checksum: 21457119e6e9afa372c31249a0664e54]
  ignore line: [COLLECT_GCC_OPTIONS='-v' '-o' 'CMakeFiles/cmTC_aab18.dir/CMakeCXXCompilerABI.cpp.o' '-c' '-shared-libgcc' '-mtune=generic' '-march=x86-64']
  ignore line: [ as -v --64 -o CMakeFiles/cmTC_aab18.dir/CMakeCXXCompilerABI.cpp.o /tmp/ccToFzlU.s]
  ignore line: [GNU assembler version 2.27 (x86_64-pc-linux-gnu) using BFD version (GNU Binutils) 2.27]
  ignore line: [COMPILER_PATH=/opt/gcc-6.5.0-64/bin/../libexec/gcc/x86_64-pc-linux-gnu/6.5.0/:/opt/gcc-6.5.0-64/bin/../libexec/gcc/]
  ignore line: [LIBRARY_PATH=/opt/gcc-6.5.0-64/bin/../lib/gcc/x86_64-pc-linux-gnu/6.5.0/:/opt/gcc-6.5.0-64/bin/../lib/gcc/:/opt/gcc-6.5.0-64/bin/../lib/gcc/x86_64-pc-linux-gnu/6.5.0/../../../../lib64/:/lib/x86_64-linux-gnu/:/lib/../lib64/:/usr/lib/x86_64-linux-gnu/:/usr/lib/../lib64/:/opt/gcc-6.5.0-64/bin/../lib/gcc/x86_64-pc-linux-gnu/6.5.0/../../../:/lib/:/usr/lib/]
  ignore line: [COLLECT_GCC_OPTIONS='-v' '-o' 'CMakeFiles/cmTC_aab18.dir/CMakeCXXCompilerABI.cpp.o' '-c' '-shared-libgcc' '-mtune=generic' '-march=x86-64']
  ignore line: [Linking CXX executable cmTC_aab18]
  ignore line: [/usr/local/bin/cmake -E cmake_link_script CMakeFiles/cmTC_aab18.dir/link.txt --verbose=1]
  ignore line: [/opt/gcc-6.5.0-64/bin/g++  -v -rdynamic CMakeFiles/cmTC_aab18.dir/CMakeCXXCompilerABI.cpp.o -o cmTC_aab18 ]
  ignore line: [Using built-in specs.]
  ignore line: [COLLECT_GCC=/opt/gcc-6.5.0-64/bin/g++]
  ignore line: [COLLECT_LTO_WRAPPER=/opt/gcc-6.5.0-64/bin/../libexec/gcc/x86_64-pc-linux-gnu/6.5.0/lto-wrapper]
  ignore line: [Target: x86_64-pc-linux-gnu]
  ignore line: [Configured with: ../gcc-6.5.0/configure --prefix=/usr/local/opt/gcc-6.5.0-64 --x-includes=/usr/local/X11R7/include --x-libraries=/usr/local/X11R7/lib --enable-tls --enable-languages=c c++ --enable-multiarch --disable-bootstrap]
  ignore line: [Thread model: posix]
  ignore line: [gcc version 6.5.0 (GCC) ]
  ignore line: [COMPILER_PATH=/opt/gcc-6.5.0-64/bin/../libexec/gcc/x86_64-pc-linux-gnu/6.5.0/:/opt/gcc-6.5.0-64/bin/../libexec/gcc/]
  ignore line: [LIBRARY_PATH=/opt/gcc-6.5.0-64/bin/../lib/gcc/x86_64-pc-linux-gnu/6.5.0/:/opt/gcc-6.5.0-64/bin/../lib/gcc/:/opt/gcc-6.5.0-64/bin/../lib/gcc/x86_64-pc-linux-gnu/6.5.0/../../../../lib64/:/lib/x86_64-linux-gnu/:/lib/../lib64/:/usr/lib/x86_64-linux-gnu/:/usr/lib/../lib64/:/opt/gcc-6.5.0-64/bin/../lib/gcc/x86_64-pc-linux-gnu/6.5.0/../../../:/lib/:/usr/lib/]
  ignore line: [COLLECT_GCC_OPTIONS='-v' '-rdynamic' '-o' 'cmTC_aab18' '-shared-libgcc' '-mtune=generic' '-march=x86-64']
  link line: [ /opt/gcc-6.5.0-64/bin/../libexec/gcc/x86_64-pc-linux-gnu/6.5.0/collect2 -plugin /opt/gcc-6.5.0-64/bin/../libexec/gcc/x86_64-pc-linux-gnu/6.5.0/liblto_plugin.so -plugin-opt=/opt/gcc-6.5.0-64/bin/../libexec/gcc/x86_64-pc-linux-gnu/6.5.0/lto-wrapper -plugin-opt=-fresolution=/tmp/cc7rmYsV.res -plugin-opt=-pass-through=-lgcc_s -plugin-opt=-pass-through=-lgcc -plugin-opt=-pass-through=-lc -plugin-opt=-pass-through=-lgcc_s -plugin-opt=-pass-through=-lgcc --eh-frame-hdr -m elf_x86_64 -export-dynamic -dynamic-linker /lib64/ld-linux-x86-64.so.2 -o cmTC_aab18 /lib/x86_64-linux-gnu/crt1.o /lib/x86_64-linux-gnu/crti.o /opt/gcc-6.5.0-64/bin/../lib/gcc/x86_64-pc-linux-gnu/6.5.0/crtbegin.o -L/opt/gcc-6.5.0-64/bin/../lib/gcc/x86_64-pc-linux-gnu/6.5.0 -L/opt/gcc-6.5.0-64/bin/../lib/gcc -L/opt/gcc-6.5.0-64/bin/../lib/gcc/x86_64-pc-linux-gnu/6.5.0/../../../../lib64 -L/lib/x86_64-linux-gnu -L/lib/../lib64 -L/usr/lib/x86_64-linux-gnu -L/usr/lib/../lib64 -L/opt/gcc-6.5.0-64/bin/../lib/gcc/x86_64-pc-linux-gnu/6.5.0/../../.. CMakeFiles/cmTC_aab18.dir/CMakeCXXCompilerABI.cpp.o -lstdc++ -lm -lgcc_s -lgcc -lc -lgcc_s -lgcc /opt/gcc-6.5.0-64/bin/../lib/gcc/x86_64-pc-linux-gnu/6.5.0/crtend.o /lib/x86_64-linux-gnu/crtn.o]
    arg [/opt/gcc-6.5.0-64/bin/../libexec/gcc/x86_64-pc-linux-gnu/6.5.0/collect2] ==> ignore
    arg [-plugin] ==> ignore
    arg [/opt/gcc-6.5.0-64/bin/../libexec/gcc/x86_64-pc-linux-gnu/6.5.0/liblto_plugin.so] ==> ignore
    arg [-plugin-opt=/opt/gcc-6.5.0-64/bin/../libexec/gcc/x86_64-pc-linux-gnu/6.5.0/lto-wrapper] ==> ignore
    arg [-plugin-opt=-fresolution=/tmp/cc7rmYsV.res] ==> ignore
    arg [-plugin-opt=-pass-through=-lgcc_s] ==> ignore
    arg [-plugin-opt=-pass-through=-lgcc] ==> ignore
    arg [-plugin-opt=-pass-through=-lc] ==> ignore
    arg [-plugin-opt=-pass-through=-lgcc_s] ==> ignore
    arg [-plugin-opt=-pass-through=-lgcc] ==> ignore
    arg [--eh-frame-hdr] ==> ignore
    arg [-m] ==> ignore
    arg [elf_x86_64] ==> ignore
    arg [-export-dynamic] ==> ignore
    arg [-dynamic-linker] ==> ignore
    arg [/lib64/ld-linux-x86-64.so.2] ==> ignore
    arg [-o] ==> ignore
    arg [cmTC_aab18] ==> ignore
    arg [/lib/x86_64-linux-gnu/crt1.o] ==> obj [/lib/x86_64-linux-gnu/crt1.o]
    arg [/lib/x86_64-linux-gnu/crti.o] ==> obj [/lib/x86_64-linux-gnu/crti.o]
    arg [/opt/gcc-6.5.0-64/bin/../lib/gcc/x86_64-pc-linux-gnu/6.5.0/crtbegin.o] ==> obj [/opt/gcc-6.5.0-64/bin/../lib/gcc/x86_64-pc-linux-gnu/6.5.0/crtbegin.o]
    arg [-L/opt/gcc-6.5.0-64/bin/../lib/gcc/x86_64-pc-linux-gnu/6.5.0] ==> dir [/opt/gcc-6.5.0-64/bin/../lib/gcc/x86_64-pc-linux-gnu/6.5.0]
    arg [-L/opt/gcc-6.5.0-64/bin/../lib/gcc] ==> dir [/opt/gcc-6.5.0-64/bin/../lib/gcc]
    arg [-L/opt/gcc-6.5.0-64/bin/../lib/gcc/x86_64-pc-linux-gnu/6.5.0/../../../../lib64] ==> dir [/opt/gcc-6.5.0-64/bin/../lib/gcc/x86_64-pc-linux-gnu/6.5.0/../../../../lib64]
    arg [-L/lib/x86_64-linux-gnu] ==> dir [/lib/x86_64-linux-gnu]
    arg [-L/lib/../lib64] ==> dir [/lib/../lib64]
    arg [-L/usr/lib/x86_64-linux-gnu] ==> dir [/usr/lib/x86_64-linux-gnu]
    arg [-L/usr/lib/../lib64] ==> dir [/usr/lib/../lib64]
    arg [-L/opt/gcc-6.5.0-64/bin/../lib/gcc/x86_64-pc-linux-gnu/6.5.0/../../..] ==> dir [/opt/gcc-6.5.0-64/bin/../lib/gcc/x86_64-pc-linux-gnu/6.5.0/../../..]
    arg [CMakeFiles/cmTC_aab18.dir/CMakeCXXCompilerABI.cpp.o] ==> ignore
    arg [-lstdc++] ==> lib [stdc++]
    arg [-lm] ==> lib [m]
    arg [-lgcc_s] ==> lib [gcc_s]
    arg [-lgcc] ==> lib [gcc]
    arg [-lc] ==> lib [c]
    arg [-lgcc_s] ==> lib [gcc_s]
    arg [-lgcc] ==> lib [gcc]
    arg [/opt/gcc-6.5.0-64/bin/../lib/gcc/x86_64-pc-linux-gnu/6.5.0/crtend.o] ==> obj [/opt/gcc-6.5.0-64/bin/../lib/gcc/x86_64-pc-linux-gnu/6.5.0/crtend.o]
    arg [/lib/x86_64-linux-gnu/crtn.o] ==> obj [/lib/x86_64-linux-gnu/crtn.o]
  collapse obj [/opt/gcc-6.5.0-64/bin/../lib/gcc/x86_64-pc-linux-gnu/6.5.0/crtbegin.o] ==> [/opt/gcc-6.5.0-64/lib/gcc/x86_64-pc-linux-gnu/6.5.0/crtbegin.o]
  collapse obj [/opt/gcc-6.5.0-64/bin/../lib/gcc/x86_64-pc-linux-gnu/6.5.0/crtend.o] ==> [/opt/gcc-6.5.0-64/lib/gcc/x86_64-pc-linux-gnu/6.5.0/crtend.o]
  collapse library dir [/opt/gcc-6.5.0-64/bin/../lib/gcc/x86_64-pc-linux-gnu/6.5.0] ==> [/opt/gcc-6.5.0-64/lib/gcc/x86_64-pc-linux-gnu/6.5.0]
  collapse library dir [/opt/gcc-6.5.0-64/bin/../lib/gcc] ==> [/opt/gcc-6.5.0-64/lib/gcc]
  collapse library dir [/opt/gcc-6.5.0-64/bin/../lib/gcc/x86_64-pc-linux-gnu/6.5.0/../../../../lib64] ==> [/opt/gcc-6.5.0-64/lib64]
  collapse library dir [/lib/x86_64-linux-gnu] ==> [/lib/x86_64-linux-gnu]
  collapse library dir [/lib/../lib64] ==> [/lib64]
  collapse library dir [/usr/lib/x86_64-linux-gnu] ==> [/usr/lib/x86_64-linux-gnu]
  collapse library dir [/usr/lib/../lib64] ==> [/usr/lib64]
  collapse library dir [/opt/gcc-6.5.0-64/bin/../lib/gcc/x86_64-pc-linux-gnu/6.5.0/../../..] ==> [/opt/gcc-6.5.0-64/lib]
  implicit libs: [stdc++;m;gcc_s;gcc;c;gcc_s;gcc]
  implicit objs: [/lib/x86_64-linux-gnu/crt1.o;/lib/x86_64-linux-gnu/crti.o;/opt/gcc-6.5.0-64/lib/gcc/x86_64-pc-linux-gnu/6.5.0/crtbegin.o;/opt/gcc-6.5.0-64/lib/gcc/x86_64-pc-linux-gnu/6.5.0/crtend.o;/lib/x86_64-linux-gnu/crtn.o]
  implicit dirs: [/opt/gcc-6.5.0-64/lib/gcc/x86_64-pc-linux-gnu/6.5.0;/opt/gcc-6.5.0-64/lib/gcc;/opt/gcc-6.5.0-64/lib64;/lib/x86_64-linux-gnu;/lib64;/usr/lib/x86_64-linux-gnu;/usr/lib64;/opt/gcc-6.5.0-64/lib]
  implicit fwks: []


The system is: Linux - 4.16.0-041600-generic - x86_64
Compiling the C compiler identification source file "CMakeCCompilerId.c" succeeded.
Compiler: /usr/local/opt/gcc-5.3.0-64/bin/gcc 
Build flags: 
Id flags:  

The output was:
0


Compilation of the C compiler identification source "CMakeCCompilerId.c" produced "a.out"

The C compiler identification is GNU, found in "/home/i22mabaj/Desktop/dos_detector-open_addressing/CMakeFiles/3.22.3/CompilerIdC/a.out"

Compiling the CXX compiler identification source file "CMakeCXXCompilerId.cpp" succeeded.
Compiler: /opt/gcc-6.5.0-64/bin/g++ 
Build flags: 
Id flags:  

The output was:
0


Compilation of the CXX compiler identification source "CMakeCXXCompilerId.cpp" produced "a.out"

The CXX compiler identification is GNU, found in "/home/i22mabaj/Desktop/dos_detector-open_addressing/CMakeFiles/3.22.3/CompilerIdCXX/a.out"

